<?xml version="1.0" encoding="UTF-8"?>
<testsuites name="Mocha Tests" time="2.965" tests="2" failures="0">
  <testsuite name="Root Suite" timestamp="2022-11-15T15:25:52" tests="0" file="cypress\e2e\api-alurapic.cy.js" time="0.000" failures="0">
  </testsuite>
  <testsuite name="Buscar fotos e dados" timestamp="2022-11-15T15:25:52" tests="2" time="2.953" failures="0">
    <testcase name="Buscar fotos e dados buscar fotos do flavio" time="2.599" classname="buscar fotos do flavio">
    </testcase>
    <testcase name="Buscar fotos e dados fazer login do flavio" time="0.261" classname="fazer login do flavio">
    </testcase>
  </testsuite>
</testsuites>