<?xml version="1.0" encoding="UTF-8"?>
<testsuites name="Mocha Tests" time="2.928" tests="2" failures="0">
  <testsuite name="Root Suite" timestamp="2022-11-15T15:21:17" tests="0" file="cypress\e2e\api-alurapic.cy.js" time="0.000" failures="0">
  </testsuite>
  <testsuite name="Buscar fotos e dados" timestamp="2022-11-15T15:21:17" tests="2" time="2.916" failures="0">
    <testcase name="Buscar fotos e dados buscar fotos do flavio" time="2.564" classname="buscar fotos do flavio">
    </testcase>
    <testcase name="Buscar fotos e dados fazer login do flavio" time="0.265" classname="fazer login do flavio">
    </testcase>
  </testsuite>
</testsuites>