<?xml version="1.0" encoding="UTF-8"?>
<testsuites name="Mocha Tests" time="5.129" tests="3" failures="0">
  <testsuite name="Root Suite" timestamp="2022-11-15T15:26:17" tests="0" file="cypress\e2e\login.cy.js" time="0.000" failures="0">
  </testsuite>
  <testsuite name="Loga usuário" timestamp="2022-11-15T15:26:17" tests="3" time="5.116" failures="0">
    <testcase name="Loga usuário Verifica mensagens de validação" time="1.973" classname="Verifica mensagens de validação">
    </testcase>
    <testcase name="Loga usuário Faz login com usuário válido" time="1.851" classname="Faz login com usuário válido">
    </testcase>
    <testcase name="Loga usuário Faz login com usuário inválido" time="1.256" classname="Faz login com usuário inválido">
    </testcase>
  </testsuite>
</testsuites>